<?xml version="1.0" encoding="UTF-8"?>
<!-- Generated by org.testng.reporters.JUnitReportReporter -->
<testsuite hostname="Asiya" failures="0" tests="4" name="com.testRun.PBankRunner" time="29.282" errors="0" timestamp="2024-11-02T12:34:42 EDT" skipped="0">
  <testcase classname="com.testRun.PBankRunner" name="runScenario" time="9.624"/>
  <system-out/>
  <testcase classname="com.testRun.PBankRunner" name="runScenario" time="9.263"/>
  <system-out/>
  <testcase classname="com.testRun.PBankRunner" name="setup3" time="0.000"/>
  <system-out/>
  <testcase classname="com.testRun.PBankRunner" name="runScenario" time="10.395"/>
  <system-out/>
</testsuite> <!-- com.testRun.PBankRunner -->
